<?xml version="1.0" encoding="UTF-8"?>
<!-- Generated by org.testng.reporters.JUnitReportReporter -->
<testsuite skipped="0" hostname="IBM-Testing01" name="GoogleTest.VerifyGooglePageTest" tests="2" failures="0" timestamp="10 Jan 2020 11:05:08 GMT" time="36.436" errors="0">
  <testcase name="checktitle" time="19.094" classname="GoogleTest.VerifyGooglePageTest"/>
  <testcase name="checklogo" time="17.342" classname="GoogleTest.VerifyGooglePageTest"/>
</testsuite> <!-- GoogleTest.VerifyGooglePageTest -->
